Copyright 1986-2020 Xilinx, Inc. All Rights Reserved.
------------------------------------------------------------------------------------
| Tool Version : Vivado v.2020.2 (win64) Build 3064766 Wed Nov 18 09:12:45 MST 2020
| Date         : Fri Jul  9 14:10:59 2021
| Host         : DESKTOP-OAC4F9I running 64-bit major release  (build 9200)
| Command      : upgrade_ip
| Device       : xc7a100tcsg324-1
------------------------------------------------------------------------------------

Upgrade Log for IP 'design_1_lfsrCop_0_0'

1. Summary
----------

SUCCESS in the upgrade of design_1_lfsrCop_0_0 (xilinx.com:user:lfsrCop:1.0) from (Rev. 21) to (Rev. 22)






Copyright 1986-2020 Xilinx, Inc. All Rights Reserved.
------------------------------------------------------------------------------------
| Tool Version : Vivado v.2020.2 (win64) Build 3064766 Wed Nov 18 09:12:45 MST 2020
| Date         : Fri Jul  9 13:32:39 2021
| Host         : DESKTOP-OAC4F9I running 64-bit major release  (build 9200)
| Command      : upgrade_ip
| Device       : xc7a100tcsg324-1
------------------------------------------------------------------------------------

Upgrade Log for IP 'design_1_lfsrCop_0_0'

1. Summary
----------

SUCCESS in the upgrade of design_1_lfsrCop_0_0 (xilinx.com:user:lfsrCop:1.0) from (Rev. 20) to (Rev. 21)






Copyright 1986-2020 Xilinx, Inc. All Rights Reserved.
------------------------------------------------------------------------------------
| Tool Version : Vivado v.2020.2 (win64) Build 3064766 Wed Nov 18 09:12:45 MST 2020
| Date         : Fri Jul  9 12:19:44 2021
| Host         : DESKTOP-OAC4F9I running 64-bit major release  (build 9200)
| Command      : upgrade_ip
| Device       : xc7a100tcsg324-1
------------------------------------------------------------------------------------

Upgrade Log for IP 'design_1_lfsrCop_0_0'

1. Summary
----------

SUCCESS in the upgrade of design_1_lfsrCop_0_0 (xilinx.com:user:lfsrCop:1.0) from (Rev. 19) to (Rev. 20)






Copyright 1986-2020 Xilinx, Inc. All Rights Reserved.
------------------------------------------------------------------------------------
| Tool Version : Vivado v.2020.2 (win64) Build 3064766 Wed Nov 18 09:12:45 MST 2020
| Date         : Fri Jul  9 11:56:25 2021
| Host         : DESKTOP-OAC4F9I running 64-bit major release  (build 9200)
| Command      : upgrade_ip
| Device       : xc7a100tcsg324-1
------------------------------------------------------------------------------------

Upgrade Log for IP 'design_1_lfsrCop_0_0'

1. Summary
----------

SUCCESS in the upgrade of design_1_lfsrCop_0_0 (xilinx.com:user:lfsrCop:1.0) from (Rev. 18) to (Rev. 19)






Copyright 1986-2020 Xilinx, Inc. All Rights Reserved.
------------------------------------------------------------------------------------
| Tool Version : Vivado v.2020.2 (win64) Build 3064766 Wed Nov 18 09:12:45 MST 2020
| Date         : Fri Jul  9 03:10:29 2021
| Host         : DESKTOP-OAC4F9I running 64-bit major release  (build 9200)
| Command      : upgrade_ip
| Device       : xc7a100tcsg324-1
------------------------------------------------------------------------------------

Upgrade Log for IP 'design_1_lfsrCop_0_0'

1. Summary
----------

SUCCESS in the upgrade of design_1_lfsrCop_0_0 (xilinx.com:user:lfsrCop:1.0) from (Rev. 17) to (Rev. 18)






Copyright 1986-2020 Xilinx, Inc. All Rights Reserved.
------------------------------------------------------------------------------------
| Tool Version : Vivado v.2020.2 (win64) Build 3064766 Wed Nov 18 09:12:45 MST 2020
| Date         : Fri Jul  9 01:29:26 2021
| Host         : DESKTOP-OAC4F9I running 64-bit major release  (build 9200)
| Command      : upgrade_ip
| Device       : xc7a100tcsg324-1
------------------------------------------------------------------------------------

Upgrade Log for IP 'design_1_lfsrCop_0_0'

1. Summary
----------

SUCCESS in the upgrade of design_1_lfsrCop_0_0 (xilinx.com:user:lfsrCop:1.0) from (Rev. 16) to (Rev. 17)






Copyright 1986-2020 Xilinx, Inc. All Rights Reserved.
------------------------------------------------------------------------------------
| Tool Version : Vivado v.2020.2 (win64) Build 3064766 Wed Nov 18 09:12:45 MST 2020
| Date         : Fri Jul  9 00:07:41 2021
| Host         : DESKTOP-OAC4F9I running 64-bit major release  (build 9200)
| Command      : upgrade_ip
| Device       : xc7a100tcsg324-1
------------------------------------------------------------------------------------

Upgrade Log for IP 'design_1_lfsrCop_0_0'

1. Summary
----------

SUCCESS in the upgrade of design_1_lfsrCop_0_0 (xilinx.com:user:lfsrCop:1.0) from (Rev. 15) to (Rev. 16)






Copyright 1986-2020 Xilinx, Inc. All Rights Reserved.
------------------------------------------------------------------------------------
| Tool Version : Vivado v.2020.2 (win64) Build 3064766 Wed Nov 18 09:12:45 MST 2020
| Date         : Thu Jul  8 23:36:55 2021
| Host         : DESKTOP-OAC4F9I running 64-bit major release  (build 9200)
| Command      : upgrade_ip
| Device       : xc7a100tcsg324-1
------------------------------------------------------------------------------------

Upgrade Log for IP 'design_1_lfsrCop_0_0'

1. Summary
----------

SUCCESS in the upgrade of design_1_lfsrCop_0_0 (xilinx.com:user:lfsrCop:1.0) from (Rev. 14) to (Rev. 15)






Copyright 1986-2020 Xilinx, Inc. All Rights Reserved.
------------------------------------------------------------------------------------
| Tool Version : Vivado v.2020.2 (win64) Build 3064766 Wed Nov 18 09:12:45 MST 2020
| Date         : Thu Jul  8 23:36:38 2021
| Host         : DESKTOP-OAC4F9I running 64-bit major release  (build 9200)
| Command      : upgrade_ip
| Device       : xc7a100tcsg324-1
------------------------------------------------------------------------------------

Upgrade Log for IP 'design_1_lfsrCop_0_0'

1. Summary
----------

SUCCESS in the upgrade of design_1_lfsrCop_0_0 (xilinx.com:user:lfsrCop:1.0) from (Rev. 12) to (Rev. 14)






Copyright 1986-2020 Xilinx, Inc. All Rights Reserved.
------------------------------------------------------------------------------------
| Tool Version : Vivado v.2020.2 (win64) Build 3064766 Wed Nov 18 09:12:45 MST 2020
| Date         : Thu Jul  8 22:32:25 2021
| Host         : DESKTOP-OAC4F9I running 64-bit major release  (build 9200)
| Command      : upgrade_ip
| Device       : xc7a100tcsg324-1
------------------------------------------------------------------------------------

Upgrade Log for IP 'design_1_lfsrCop_0_0'

1. Summary
----------

SUCCESS in the upgrade of design_1_lfsrCop_0_0 (xilinx.com:user:lfsrCop:1.0) from (Rev. 11) to (Rev. 12)






Copyright 1986-2020 Xilinx, Inc. All Rights Reserved.
------------------------------------------------------------------------------------
| Tool Version : Vivado v.2020.2 (win64) Build 3064766 Wed Nov 18 09:12:45 MST 2020
| Date         : Thu Jul  8 22:08:54 2021
| Host         : DESKTOP-OAC4F9I running 64-bit major release  (build 9200)
| Command      : upgrade_ip
| Device       : xc7a100tcsg324-1
------------------------------------------------------------------------------------

Upgrade Log for IP 'design_1_lfsrCop_0_0'

1. Summary
----------

SUCCESS in the upgrade of design_1_lfsrCop_0_0 (xilinx.com:user:lfsrCop:1.0) from (Rev. 10) to (Rev. 11)






Copyright 1986-2020 Xilinx, Inc. All Rights Reserved.
------------------------------------------------------------------------------------
| Tool Version : Vivado v.2020.2 (win64) Build 3064766 Wed Nov 18 09:12:45 MST 2020
| Date         : Thu Jul  8 19:33:08 2021
| Host         : DESKTOP-OAC4F9I running 64-bit major release  (build 9200)
| Command      : upgrade_ip
| Device       : xc7a100tcsg324-1
------------------------------------------------------------------------------------

Upgrade Log for IP 'design_1_lfsrCop_0_0'

1. Summary
----------

SUCCESS in the upgrade of design_1_lfsrCop_0_0 (xilinx.com:user:lfsrCop:1.0) from (Rev. 9) to (Rev. 10)






Copyright 1986-2020 Xilinx, Inc. All Rights Reserved.
------------------------------------------------------------------------------------
| Tool Version : Vivado v.2020.2 (win64) Build 3064766 Wed Nov 18 09:12:45 MST 2020
| Date         : Thu Jul  8 13:57:58 2021
| Host         : DESKTOP-OAC4F9I running 64-bit major release  (build 9200)
| Command      : upgrade_ip
| Device       : xc7a100tcsg324-1
------------------------------------------------------------------------------------

Upgrade Log for IP 'design_1_lfsrCop_0_0'

1. Summary
----------

SUCCESS in the conversion of design_1_lfsrCop_0_0 (xilinx.com:user:lfsrCop:1.0 (Rev. 9)) to Vivado generation flows.






Copyright 1986-2020 Xilinx, Inc. All Rights Reserved.
------------------------------------------------------------------------------------
| Tool Version : Vivado v.2020.2 (win64) Build 3064766 Wed Nov 18 09:12:45 MST 2020
| Date         : Thu Jul  8 13:57:37 2021
| Host         : DESKTOP-OAC4F9I running 64-bit major release  (build 9200)
| Command      : upgrade_ip
| Device       : xc7a100tcsg324-1
------------------------------------------------------------------------------------

Upgrade Log for IP 'design_1_lfsrCop_0_0'

1. Summary
----------

SUCCESS in the upgrade of design_1_lfsrCop_0_0 (xilinx.com:user:lfsrCop:1.0) from (Rev. 8) to (Rev. 9)






Copyright 1986-2020 Xilinx, Inc. All Rights Reserved.
------------------------------------------------------------------------------------
| Tool Version : Vivado v.2020.2 (win64) Build 3064766 Wed Nov 18 09:12:45 MST 2020
| Date         : Thu Jul  8 13:40:58 2021
| Host         : DESKTOP-OAC4F9I running 64-bit major release  (build 9200)
| Command      : upgrade_ip
| Device       : xc7a100tcsg324-1
------------------------------------------------------------------------------------

Upgrade Log for IP 'design_1_lfsrCop_0_0'

1. Summary
----------

SUCCESS in the conversion of design_1_lfsrCop_0_0 (xilinx.com:user:lfsrCop:1.0 (Rev. 8)) to Vivado generation flows.






Copyright 1986-2020 Xilinx, Inc. All Rights Reserved.
------------------------------------------------------------------------------------
| Tool Version : Vivado v.2020.2 (win64) Build 3064766 Wed Nov 18 09:12:45 MST 2020
| Date         : Thu Jul  8 13:40:15 2021
| Host         : DESKTOP-OAC4F9I running 64-bit major release  (build 9200)
| Command      : upgrade_ip
| Device       : xc7a100tcsg324-1
------------------------------------------------------------------------------------

Upgrade Log for IP 'design_1_lfsrCop_0_0'

1. Summary
----------

SUCCESS in the upgrade of design_1_lfsrCop_0_0 (xilinx.com:user:lfsrCop:1.0) from (Rev. 7) to (Rev. 8)






Copyright 1986-2020 Xilinx, Inc. All Rights Reserved.
------------------------------------------------------------------------------------
| Tool Version : Vivado v.2020.2 (win64) Build 3064766 Wed Nov 18 09:12:45 MST 2020
| Date         : Thu Jul  8 13:23:45 2021
| Host         : DESKTOP-OAC4F9I running 64-bit major release  (build 9200)
| Command      : upgrade_ip
| Device       : xc7a100tcsg324-1
------------------------------------------------------------------------------------

Upgrade Log for IP 'design_1_lfsrCop_0_0'

1. Summary
----------

SUCCESS in the conversion of design_1_lfsrCop_0_0 (xilinx.com:user:lfsrCop:1.0 (Rev. 7)) to Vivado generation flows.






Copyright 1986-2020 Xilinx, Inc. All Rights Reserved.
------------------------------------------------------------------------------------
| Tool Version : Vivado v.2020.2 (win64) Build 3064766 Wed Nov 18 09:12:45 MST 2020
| Date         : Thu Jul  8 13:23:31 2021
| Host         : DESKTOP-OAC4F9I running 64-bit major release  (build 9200)
| Command      : upgrade_ip
| Device       : xc7a100tcsg324-1
------------------------------------------------------------------------------------

Upgrade Log for IP 'design_1_lfsrCop_0_0'

1. Summary
----------

SUCCESS in the upgrade of design_1_lfsrCop_0_0 (xilinx.com:user:lfsrCop:1.0) from (Rev. 6) to (Rev. 7)






Copyright 1986-2020 Xilinx, Inc. All Rights Reserved.
------------------------------------------------------------------------------------
| Tool Version : Vivado v.2020.2 (win64) Build 3064766 Wed Nov 18 09:12:45 MST 2020
| Date         : Thu Jul  8 12:24:09 2021
| Host         : DESKTOP-OAC4F9I running 64-bit major release  (build 9200)
| Command      : upgrade_ip
| Device       : xc7a100tcsg324-1
------------------------------------------------------------------------------------

Upgrade Log for IP 'design_1_lfsrCop_0_0'

1. Summary
----------

SUCCESS in the conversion of design_1_lfsrCop_0_0 (xilinx.com:user:lfsrCop:1.0 (Rev. 6)) to Vivado generation flows.






Copyright 1986-2020 Xilinx, Inc. All Rights Reserved.
------------------------------------------------------------------------------------
| Tool Version : Vivado v.2020.2 (win64) Build 3064766 Wed Nov 18 09:12:45 MST 2020
| Date         : Thu Jul  8 12:23:47 2021
| Host         : DESKTOP-OAC4F9I running 64-bit major release  (build 9200)
| Command      : upgrade_ip
| Device       : xc7a100tcsg324-1
------------------------------------------------------------------------------------

Upgrade Log for IP 'design_1_lfsrCop_0_0'

1. Summary
----------

SUCCESS in the upgrade of design_1_lfsrCop_0_0 (xilinx.com:user:lfsrCop:1.0) from (Rev. 5) to (Rev. 6)






Copyright 1986-2020 Xilinx, Inc. All Rights Reserved.
------------------------------------------------------------------------------------
| Tool Version : Vivado v.2020.2 (win64) Build 3064766 Wed Nov 18 09:12:45 MST 2020
| Date         : Thu Jul  8 11:56:26 2021
| Host         : DESKTOP-OAC4F9I running 64-bit major release  (build 9200)
| Command      : upgrade_ip
| Device       : xc7a100tcsg324-1
------------------------------------------------------------------------------------

Upgrade Log for IP 'design_1_lfsrCop_0_0'

1. Summary
----------

SUCCESS in the conversion of design_1_lfsrCop_0_0 (xilinx.com:user:lfsrCop:1.0 (Rev. 5)) to Vivado generation flows.






Copyright 1986-2020 Xilinx, Inc. All Rights Reserved.
------------------------------------------------------------------------------------
| Tool Version : Vivado v.2020.2 (win64) Build 3064766 Wed Nov 18 09:12:45 MST 2020
| Date         : Thu Jul  8 11:55:24 2021
| Host         : DESKTOP-OAC4F9I running 64-bit major release  (build 9200)
| Command      : upgrade_ip
| Device       : xc7a100tcsg324-1
------------------------------------------------------------------------------------

Upgrade Log for IP 'design_1_lfsrCop_0_0'

1. Summary
----------

SUCCESS in the upgrade of design_1_lfsrCop_0_0 (xilinx.com:user:lfsrCop:1.0) from (Rev. 4) to (Rev. 5)






Copyright 1986-2020 Xilinx, Inc. All Rights Reserved.
------------------------------------------------------------------------------------
| Tool Version : Vivado v.2020.2 (win64) Build 3064766 Wed Nov 18 09:12:45 MST 2020
| Date         : Thu Jul  8 03:20:41 2021
| Host         : DESKTOP-OAC4F9I running 64-bit major release  (build 9200)
| Command      : upgrade_ip
| Device       : xc7a100tcsg324-1
------------------------------------------------------------------------------------

Upgrade Log for IP 'design_1_lfsrCop_0_0'

1. Summary
----------

SUCCESS in the upgrade of design_1_lfsrCop_0_0 (xilinx.com:user:lfsrCop:1.0) from (Rev. 3) to (Rev. 4)






Copyright 1986-2020 Xilinx, Inc. All Rights Reserved.
------------------------------------------------------------------------------------
| Tool Version : Vivado v.2020.2 (win64) Build 3064766 Wed Nov 18 09:12:45 MST 2020
| Date         : Thu Jul  8 02:22:11 2021
| Host         : DESKTOP-OAC4F9I running 64-bit major release  (build 9200)
| Command      : upgrade_ip
| Device       : xc7a100tcsg324-1
------------------------------------------------------------------------------------

Upgrade Log for IP 'design_1_lfsrCop_0_0'

1. Summary
----------

SUCCESS in the upgrade of design_1_lfsrCop_0_0 (xilinx.com:user:lfsrCop:1.0) from (Rev. 2) to (Rev. 3)






Copyright 1986-2020 Xilinx, Inc. All Rights Reserved.
------------------------------------------------------------------------------------
| Tool Version : Vivado v.2020.2 (win64) Build 3064766 Wed Nov 18 09:12:45 MST 2020
| Date         : Thu Jul  8 01:20:44 2021
| Host         : DESKTOP-OAC4F9I running 64-bit major release  (build 9200)
| Command      : upgrade_ip
| Device       : xc7a100tcsg324-1
------------------------------------------------------------------------------------

Upgrade Log for IP 'design_1_lfsrCop_0_0'

1. Summary
----------

CAUTION (success, with warnings) in the upgrade of design_1_lfsrCop_0_0 (xilinx.com:user:lfsrCop:1.0) from (Rev. 1) to (Rev. 2)

After upgrade, an IP may have parameter and port differences compared to the original customization. Please review the parameters within the IP customization GUI to ensure proper functionality. Also, please review the updated IP instantiation template to ensure proper connectivity, and update your design if required.

2. Connection Warnings
----------------------

Detected external port differences while upgrading 'design_1_lfsrCop_0_0'. These changes may impact your design.


-Upgraded port order differs after port 's00_axis_aclk'


